Menvu-App/app/build/outputs/logs/manifest-merger-debug-report.txt
-- Merging decision tree log ---
manifest
ADDED from src\main\AndroidManifest.xml:2:1-24:12
INJECTED from src\main\AndroidManifest.xml:2:1-24:12
INJECTED from src\main\AndroidManifest.xml:2:1-24:12
INJECTED from src\main\AndroidManifest.xml:2:1-24:12
MERGED from [com.android.support:design:28.0.0] AndroidManifest.xml:17:1-24:12
MERGED from [com.android.support:appcompat-v7:28.0.0] AndroidManifest.xml:17:1-22:12
MERGED from [com.google.android.gms:play-services-auth:16.0.1] AndroidManifest.xml:17:1-39:12
MERGED from [com.google.android.gms:play-services-auth-api-phone:16.0.0] AndroidManifest.xml:2:1-7:12
MERGED from [com.google.android.gms:play-services-auth-base:16.0.0] AndroidManifest.xml:2:1-7:12
MERGED from [com.google.android.gms:play-services-base:16.0.1] AndroidManifest.xml:17:1-29:12
MERGED from [com.google.android.gms:play-services-tasks:16.0.1] AndroidManifest.xml:2:1-9:12
MERGED from [com.google.android.gms:play-services-basement:16.0.1] AndroidManifest.xml:17:1-28:12
MERGED from [com.android.support:support-v4:28.0.0] AndroidManifest.xml:17:1-22:12
MERGED from [com.android.support.constraint:constraint-layout:1.1.3] AndroidManifest.xml:2:1-11:12
MERGED from [com.android.support:recyclerview-v7:28.0.0] AndroidManifest.xml:17:1-22:12
MERGED from [com.android.support:cardview-v7:28.0.0] AndroidManifest.xml:17:1-22:12
MERGED from [com.android.volley:volley:1.1.1] AndroidManifest.xml:2:1-11:12
MERGED from [com.github.bumptech.glide:glide:4.9.0] AndroidManifest.xml:2:1-12:12
MERGED from [com.android.support:support-fragment:28.0.0] AndroidManifest.xml:17:1-22:12
MERGED from [com.android.support:animated-vector-drawable:28.0.0] AndroidManifest.xml:17:1-22:12
MERGED from [com.android.support:support-core-ui:28.0.0] AndroidManifest.xml:17:1-22:12
MERGED from [com.android.support:support-core-utils:28.0.0] AndroidManifest.xml:17:1-22:12
MERGED from [com.android.support:support-vector-drawable:28.0.0] AndroidManifest.xml:17:1-22:12
MERGED from [com.android.support:support-media-compat:28.0.0] AndroidManifest.xml:17:1-22:12
MERGED from [com.android.support:transition:28.0.0] AndroidManifest.xml:17:1-22:12
MERGED from [com.android.support:loader:28.0.0] AndroidManifest.xml:17:1-22:12
MERGED from [com.android.support:viewpager:28.0.0] AndroidManifest.xml:17:1-22:12
MERGED from [com.android.support:coordinatorlayout:28.0.0] AndroidManifest.xml:17:1-22:12
MERGED from [com.android.support:drawerlayout:28.0.0] AndroidManifest.xml:17:1-22:12
MERGED from [com.android.support:slidingpanelayout:28.0.0] AndroidManifest.xml:17:1-22:12
MERGED from [com.android.support:customview:28.0.0] AndroidManifest.xml:17:1-22:12
MERGED from [com.android.support:swiperefreshlayout:28.0.0] AndroidManifest.xml:17:1-22:12
MERGED from [com.android.support:asynclayoutinflater:28.0.0] AndroidManifest.xml:17:1-22:12
MERGED from [com.android.support:support-compat:28.0.0] AndroidManifest.xml:17:1-24:12
MERGED from [com.android.support:versionedparcelable:28.0.0] AndroidManifest.xml:17:1-25:12
MERGED from [com.android.support:cursoradapter:28.0.0] AndroidManifest.xml:17:1-22:12
MERGED from [com.github.bumptech.glide:gifdecoder:4.9.0] AndroidManifest.xml:2:1-11:12
MERGED from [android.arch.lifecycle:runtime:1.1.1] AndroidManifest.xml:17:1-22:12
MERGED from [com.android.support:documentfile:28.0.0] AndroidManifest.xml:17:1-22:12
MERGED from [com.android.support:localbroadcastmanager:28.0.0] AndroidManifest.xml:17:1-22:12
MERGED from [com.android.support:print:28.0.0] AndroidManifest.xml:17:1-22:12
MERGED from [android.arch.lifecycle:viewmodel:1.1.1] AndroidManifest.xml:17:1-22:12
MERGED from [com.android.support:interpolator:28.0.0] AndroidManifest.xml:17:1-22:12
MERGED from [android.arch.lifecycle:livedata:1.1.1] AndroidManifest.xml:17:1-22:12
MERGED from [android.arch.lifecycle:livedata-core:1.1.1] AndroidManifest.xml:17:1-22:12
MERGED from [android.arch.core:runtime:1.1.1] AndroidManifest.xml:17:1-22:12
INJECTED from src\main\AndroidManifest.xml:2:1-24:12
INJECTED from src\main\AndroidManifest.xml:2:1-24:12
INJECTED from src\main\AndroidManifest.xml:2:1-24:12
	package
		ADDED from src\main\AndroidManifest.xml:3:5-32
		INJECTED from src\main\AndroidManifest.xml
		INJECTED from src\main\AndroidManifest.xml
	android:versionName
		INJECTED from src\main\AndroidManifest.xml
		ADDED from src\main\AndroidManifest.xml:2:1-24:12
		INJECTED from src\main\AndroidManifest.xml
	android:versionCode
		INJECTED from src\main\AndroidManifest.xml
		ADDED from src\main\AndroidManifest.xml:2:1-24:12
		INJECTED from src\main\AndroidManifest.xml
	xmlns:android
		ADDED from src\main\AndroidManifest.xml:2:11-69
uses-permission#android.permission.INTERNET
ADDED from src\main\AndroidManifest.xml:5:5-66
	android:name
		ADDED from src\main\AndroidManifest.xml:5:22-64
application
ADDED from src\main\AndroidManifest.xml:6:5-22:19
MERGED from [com.android.support:design:28.0.0] AndroidManifest.xml:22:5-20
MERGED from [com.android.support:design:28.0.0] AndroidManifest.xml:22:5-20
MERGED from [com.google.android.gms:play-services-auth:16.0.1] AndroidManifest.xml:22:5-37:19
MERGED from [com.google.android.gms:play-services-auth:16.0.1] AndroidManifest.xml:22:5-37:19
MERGED from [com.google.android.gms:play-services-base:16.0.1] AndroidManifest.xml:22:5-27:19
MERGED from [com.google.android.gms:play-services-base:16.0.1] AndroidManifest.xml:22:5-27:19
MERGED from [com.google.android.gms:play-services-tasks:16.0.1] AndroidManifest.xml:7:5-20
MERGED from [com.google.android.gms:play-services-tasks:16.0.1] AndroidManifest.xml:7:5-20
MERGED from [com.google.android.gms:play-services-basement:16.0.1] AndroidManifest.xml:22:5-26:19
MERGED from [com.google.android.gms:play-services-basement:16.0.1] AndroidManifest.xml:22:5-26:19
MERGED from [com.android.support.constraint:constraint-layout:1.1.3] AndroidManifest.xml:9:5-20
MERGED from [com.android.support.constraint:constraint-layout:1.1.3] AndroidManifest.xml:9:5-20
MERGED from [com.android.volley:volley:1.1.1] AndroidManifest.xml:9:5-20
MERGED from [com.android.volley:volley:1.1.1] AndroidManifest.xml:9:5-20
MERGED from [com.github.bumptech.glide:glide:4.9.0] AndroidManifest.xml:10:5-20
MERGED from [com.github.bumptech.glide:glide:4.9.0] AndroidManifest.xml:10:5-20
MERGED from [com.android.support:support-compat:28.0.0] AndroidManifest.xml:22:5-94
MERGED from [com.android.support:support-compat:28.0.0] AndroidManifest.xml:22:5-94
MERGED from [com.android.support:versionedparcelable:28.0.0] AndroidManifest.xml:22:5-23:19
MERGED from [com.android.support:versionedparcelable:28.0.0] AndroidManifest.xml:22:5-23:19
MERGED from [com.github.bumptech.glide:gifdecoder:4.9.0] AndroidManifest.xml:9:5-20
MERGED from [com.github.bumptech.glide:gifdecoder:4.9.0] AndroidManifest.xml:9:5-20
	android:appComponentFactory
		ADDED from [com.android.support:support-compat:28.0.0] AndroidManifest.xml:22:18-91
	android:supportsRtl
		ADDED from src\main\AndroidManifest.xml:12:9-35
	android:label
		ADDED from src\main\AndroidManifest.xml:10:9-41
	android:roundIcon
		ADDED from src\main\AndroidManifest.xml:11:9-54
	android:icon
		ADDED from src\main\AndroidManifest.xml:9:9-43
	android:allowBackup
		ADDED from src\main\AndroidManifest.xml:8:9-35
	android:theme
		ADDED from src\main\AndroidManifest.xml:13:9-40
	android:usesCleartextTraffic
		ADDED from src\main\AndroidManifest.xml:7:9-44
activity#com.example.test2.MainActivity
ADDED from src\main\AndroidManifest.xml:14:9-20:20
	android:name
		ADDED from src\main\AndroidManifest.xml:14:19-47
intent-filter#action:name:android.intent.action.MAIN+category:name:android.intent.category.LAUNCHER
ADDED from src\main\AndroidManifest.xml:15:13-19:29
action#android.intent.action.MAIN
ADDED from src\main\AndroidManifest.xml:16:17-69
	android:name
		ADDED from src\main\AndroidManifest.xml:16:25-66
category#android.intent.category.LAUNCHER
ADDED from src\main\AndroidManifest.xml:18:17-77
	android:name
		ADDED from src\main\AndroidManifest.xml:18:27-74
activity#com.example.test2.RestaurantInfoActivity
ADDED from src\main\AndroidManifest.xml:21:9-60
	android:name
		ADDED from src\main\AndroidManifest.xml:21:19-57
uses-sdk
INJECTED from src\main\AndroidManifest.xml reason: use-sdk injection requested
INJECTED from src\main\AndroidManifest.xml
INJECTED from src\main\AndroidManifest.xml
MERGED from [com.android.support:design:28.0.0] AndroidManifest.xml:20:5-44
MERGED from [com.android.support:design:28.0.0] AndroidManifest.xml:20:5-44
MERGED from [com.android.support:appcompat-v7:28.0.0] AndroidManifest.xml:20:5-44
MERGED from [com.android.support:appcompat-v7:28.0.0] AndroidManifest.xml:20:5-44
MERGED from [com.google.android.gms:play-services-auth:16.0.1] AndroidManifest.xml:20:5-44
MERGED from [com.google.android.gms:play-services-auth:16.0.1] AndroidManifest.xml:20:5-44
MERGED from [com.google.android.gms:play-services-auth-api-phone:16.0.0] AndroidManifest.xml:5:5-44
MERGED from [com.google.android.gms:play-services-auth-api-phone:16.0.0] AndroidManifest.xml:5:5-44
MERGED from [com.google.android.gms:play-services-auth-base:16.0.0] AndroidManifest.xml:5:5-44
MERGED from [com.google.android.gms:play-services-auth-base:16.0.0] AndroidManifest.xml:5:5-44
MERGED from [com.google.android.gms:play-services-base:16.0.1] AndroidManifest.xml:20:5-44
MERGED from [com.google.android.gms:play-services-base:16.0.1] AndroidManifest.xml:20:5-44
MERGED from [com.google.android.gms:play-services-tasks:16.0.1] AndroidManifest.xml:5:5-44
MERGED from [com.google.android.gms:play-services-tasks:16.0.1] AndroidManifest.xml:5:5-44
MERGED from [com.google.android.gms:play-services-basement:16.0.1] AndroidManifest.xml:20:5-44
MERGED from [com.google.android.gms:play-services-basement:16.0.1] AndroidManifest.xml:20:5-44
MERGED from [com.android.support:support-v4:28.0.0] AndroidManifest.xml:20:5-44
MERGED from [com.android.support:support-v4:28.0.0] AndroidManifest.xml:20:5-44
MERGED from [com.android.support.constraint:constraint-layout:1.1.3] AndroidManifest.xml:5:5-7:41
MERGED from [com.android.support.constraint:constraint-layout:1.1.3] AndroidManifest.xml:5:5-7:41
MERGED from [com.android.support:recyclerview-v7:28.0.0] AndroidManifest.xml:20:5-44
MERGED from [com.android.support:recyclerview-v7:28.0.0] AndroidManifest.xml:20:5-44
MERGED from [com.android.support:cardview-v7:28.0.0] AndroidManifest.xml:20:5-44
MERGED from [com.android.support:cardview-v7:28.0.0] AndroidManifest.xml:20:5-44
MERGED from [com.android.volley:volley:1.1.1] AndroidManifest.xml:7:5-43
MERGED from [com.android.volley:volley:1.1.1] AndroidManifest.xml:7:5-43
MERGED from [com.github.bumptech.glide:glide:4.9.0] AndroidManifest.xml:6:5-8:41
MERGED from [com.github.bumptech.glide:glide:4.9.0] AndroidManifest.xml:6:5-8:41
MERGED from [com.android.support:support-fragment:28.0.0] AndroidManifest.xml:20:5-44
MERGED from [com.android.support:support-fragment:28.0.0] AndroidManifest.xml:20:5-44
MERGED from [com.android.support:animated-vector-drawable:28.0.0] AndroidManifest.xml:20:5-44
MERGED from [com.android.support:animated-vector-drawable:28.0.0] AndroidManifest.xml:20:5-44
MERGED from [com.android.support:support-core-ui:28.0.0] AndroidManifest.xml:20:5-44
MERGED from [com.android.support:support-core-ui:28.0.0] AndroidManifest.xml:20:5-44
MERGED from [com.android.support:support-core-utils:28.0.0] AndroidManifest.xml:20:5-44
MERGED from [com.android.support:support-core-utils:28.0.0] AndroidManifest.xml:20:5-44
MERGED from [com.android.support:support-vector-drawable:28.0.0] AndroidManifest.xml:20:5-44
MERGED from [com.android.support:support-vector-drawable:28.0.0] AndroidManifest.xml:20:5-44
MERGED from [com.android.support:support-media-compat:28.0.0] AndroidManifest.xml:20:5-44
MERGED from [com.android.support:support-media-compat:28.0.0] AndroidManifest.xml:20:5-44
MERGED from [com.android.support:transition:28.0.0] AndroidManifest.xml:20:5-44
MERGED from [com.android.support:transition:28.0.0] AndroidManifest.xml:20:5-44
MERGED from [com.android.support:loader:28.0.0] AndroidManifest.xml:20:5-44
MERGED from [com.android.support:loader:28.0.0] AndroidManifest.xml:20:5-44
MERGED from [com.android.support:viewpager:28.0.0] AndroidManifest.xml:20:5-44
MERGED from [com.android.support:viewpager:28.0.0] AndroidManifest.xml:20:5-44
MERGED from [com.android.support:coordinatorlayout:28.0.0] AndroidManifest.xml:20:5-44
MERGED from [com.android.support:coordinatorlayout:28.0.0] AndroidManifest.xml:20:5-44
MERGED from [com.android.support:drawerlayout:28.0.0] AndroidManifest.xml:20:5-44
MERGED from [com.android.support:drawerlayout:28.0.0] AndroidManifest.xml:20:5-44
MERGED from [com.android.support:slidingpanelayout:28.0.0] AndroidManifest.xml:20:5-44
MERGED from [com.android.support:slidingpanelayout:28.0.0] AndroidManifest.xml:20:5-44
MERGED from [com.android.support:customview:28.0.0] AndroidManifest.xml:20:5-44
MERGED from [com.android.support:customview:28.0.0] AndroidManifest.xml:20:5-44
MERGED from [com.android.support:swiperefreshlayout:28.0.0] AndroidManifest.xml:20:5-44
MERGED from [com.android.support:swiperefreshlayout:28.0.0] AndroidManifest.xml:20:5-44
MERGED from [com.android.support:asynclayoutinflater:28.0.0] AndroidManifest.xml:20:5-44
MERGED from [com.android.support:asynclayoutinflater:28.0.0] AndroidManifest.xml:20:5-44
MERGED from [com.android.support:support-compat:28.0.0] AndroidManifest.xml:20:5-44
MERGED from [com.android.support:support-compat:28.0.0] AndroidManifest.xml:20:5-44
MERGED from [com.android.support:versionedparcelable:28.0.0] AndroidManifest.xml:20:5-44
MERGED from [com.android.support:versionedparcelable:28.0.0] AndroidManifest.xml:20:5-44
MERGED from [com.android.support:cursoradapter:28.0.0] AndroidManifest.xml:20:5-44
MERGED from [com.android.support:cursoradapter:28.0.0] AndroidManifest.xml:20:5-44
MERGED from [com.github.bumptech.glide:gifdecoder:4.9.0] AndroidManifest.xml:5:5-7:41
MERGED from [com.github.bumptech.glide:gifdecoder:4.9.0] AndroidManifest.xml:5:5-7:41
MERGED from [android.arch.lifecycle:runtime:1.1.1] AndroidManifest.xml:20:5-44
MERGED from [android.arch.lifecycle:runtime:1.1.1] AndroidManifest.xml:20:5-44
MERGED from [com.android.support:documentfile:28.0.0] AndroidManifest.xml:20:5-44
MERGED from [com.android.support:documentfile:28.0.0] AndroidManifest.xml:20:5-44
MERGED from [com.android.support:localbroadcastmanager:28.0.0] AndroidManifest.xml:20:5-44
MERGED from [com.android.support:localbroadcastmanager:28.0.0] AndroidManifest.xml:20:5-44
MERGED from [com.android.support:print:28.0.0] AndroidManifest.xml:20:5-44
MERGED from [com.android.support:print:28.0.0] AndroidManifest.xml:20:5-44
MERGED from [android.arch.lifecycle:viewmodel:1.1.1] AndroidManifest.xml:20:5-44
MERGED from [android.arch.lifecycle:viewmodel:1.1.1] AndroidManifest.xml:20:5-44
MERGED from [com.android.support:interpolator:28.0.0] AndroidManifest.xml:20:5-44
MERGED from [com.android.support:interpolator:28.0.0] AndroidManifest.xml:20:5-44
MERGED from [android.arch.lifecycle:livedata:1.1.1] AndroidManifest.xml:20:5-44
MERGED from [android.arch.lifecycle:livedata:1.1.1] AndroidManifest.xml:20:5-44
MERGED from [android.arch.lifecycle:livedata-core:1.1.1] AndroidManifest.xml:20:5-44
MERGED from [android.arch.lifecycle:livedata-core:1.1.1] AndroidManifest.xml:20:5-44
MERGED from [android.arch.core:runtime:1.1.1] AndroidManifest.xml:20:5-44
MERGED from [android.arch.core:runtime:1.1.1] AndroidManifest.xml:20:5-44
INJECTED from src\main\AndroidManifest.xml
INJECTED from src\main\AndroidManifest.xml
	android:targetSdkVersion
		INJECTED from src\main\AndroidManifest.xml
		ADDED from src\main\AndroidManifest.xml
		INJECTED from src\main\AndroidManifest.xml
	android:minSdkVersion
		INJECTED from src\main\AndroidManifest.xml
		ADDED from src\main\AndroidManifest.xml
		INJECTED from src\main\AndroidManifest.xml
activity#com.google.android.gms.auth.api.signin.internal.SignInHubActivity
ADDED from [com.google.android.gms:play-services-auth:16.0.1] AndroidManifest.xml:23:9-27:75
	android:excludeFromRecents
		ADDED from [com.google.android.gms:play-services-auth:16.0.1] AndroidManifest.xml:25:13-46
	android:exported
		ADDED from [com.google.android.gms:play-services-auth:16.0.1] AndroidManifest.xml:26:13-37
	android:theme
		ADDED from [com.google.android.gms:play-services-auth:16.0.1] AndroidManifest.xml:27:13-72
	android:name
		ADDED from [com.google.android.gms:play-services-auth:16.0.1] AndroidManifest.xml:24:13-93
service#com.google.android.gms.auth.api.signin.RevocationBoundService
ADDED from [com.google.android.gms:play-services-auth:16.0.1] AndroidManifest.xml:33:9-36:110
	android:exported
		ADDED from [com.google.android.gms:play-services-auth:16.0.1] AndroidManifest.xml:35:13-36
	android:permission
		ADDED from [com.google.android.gms:play-services-auth:16.0.1] AndroidManifest.xml:36:13-107
	android:name
		ADDED from [com.google.android.gms:play-services-auth:16.0.1] AndroidManifest.xml:34:13-89
activity#com.google.android.gms.common.api.GoogleApiActivity
ADDED from [com.google.android.gms:play-services-base:16.0.1] AndroidManifest.xml:23:9-26:75
	android:exported
		ADDED from [com.google.android.gms:play-services-base:16.0.1] AndroidManifest.xml:25:13-37
	android:theme
		ADDED from [com.google.android.gms:play-services-base:16.0.1] AndroidManifest.xml:26:13-72
	android:name
		ADDED from [com.google.android.gms:play-services-base:16.0.1] AndroidManifest.xml:24:13-79
meta-data#com.google.android.gms.version
ADDED from [com.google.android.gms:play-services-basement:16.0.1] AndroidManifest.xml:23:9-25:69
	android:value
		ADDED from [com.google.android.gms:play-services-basement:16.0.1] AndroidManifest.xml:25:13-66
	android:name
		ADDED from [com.google.android.gms:play-services-basement:16.0.1] AndroidManifest.xml:24:13-58